[INFO] Scanning for projects...
[INFO]                                                                         
[INFO] ------------------------------------------------------------------------
[INFO] Building assist-core 2.0.2
[INFO] ------------------------------------------------------------------------
[INFO] 
[INFO] --- maven-resources-plugin:2.6:resources (default-resources) @ assist-core ---
[INFO] Using 'UTF-8' encoding to copy filtered resources.
[INFO] Copying 0 resource
[INFO] 
[INFO] --- maven-compiler-plugin:2.3.2:compile (default-compile) @ assist-core ---
[INFO] Compiling 29 source files to /home/dsl/work_area/transient/source_codes/mine/assist/assist-core/target/classes
[INFO] -------------------------------------------------------------
[ERROR] COMPILATION ERROR : 
[INFO] -------------------------------------------------------------
[ERROR] /home/dsl/work_area/transient/source_codes/mine/assist/assist-core/src/main/java/me/dslztx/assist/util/FileAssist.java:[13,28] 错误: 程序包org.apache.commons.io不存在
[ERROR] /home/dsl/work_area/transient/source_codes/mine/assist/assist-core/src/main/java/me/dslztx/assist/util/ConfigAssist.java:[4,40] 错误: 程序包org.apache.commons.configuration2不存在
[ERROR] /home/dsl/work_area/transient/source_codes/mine/assist/assist-core/src/main/java/me/dslztx/assist/util/ConfigAssist.java:[5,55] 错误: 程序包org.apache.commons.configuration2.builder.fluent不存在
[ERROR] /home/dsl/work_area/transient/source_codes/mine/assist/assist-core/src/main/java/me/dslztx/assist/util/ConfigAssist.java:[13,16] 错误: 找不到符号
[ERROR]  类 ConfigAssist
/home/dsl/work_area/transient/source_codes/mine/assist/assist-core/src/main/java/me/dslztx/assist/util/QuartzScheduleAssist.java:[3,28] 错误: 程序包me.dslztx.assist.bean不存在
[ERROR] /home/dsl/work_area/transient/source_codes/mine/assist/assist-core/src/main/java/me/dslztx/assist/util/QuartzScheduleAssist.java:[4,17] 错误: 程序包org.quartz不存在
[ERROR] /home/dsl/work_area/transient/source_codes/mine/assist/assist-core/src/main/java/me/dslztx/assist/util/QuartzScheduleAssist.java:[5,17] 错误: 程序包org.quartz不存在
[ERROR] /home/dsl/work_area/transient/source_codes/mine/assist/assist-core/src/main/java/me/dslztx/assist/util/QuartzScheduleAssist.java:[6,17] 错误: 程序包org.quartz不存在
[ERROR] /home/dsl/work_area/transient/source_codes/mine/assist/assist-core/src/main/java/me/dslztx/assist/util/QuartzScheduleAssist.java:[7,17] 错误: 程序包org.quartz不存在
[ERROR] /home/dsl/work_area/transient/source_codes/mine/assist/assist-core/src/main/java/me/dslztx/assist/util/QuartzScheduleAssist.java:[8,17] 错误: 程序包org.quartz不存在
[ERROR] /home/dsl/work_area/transient/source_codes/mine/assist/assist-core/src/main/java/me/dslztx/assist/util/QuartzScheduleAssist.java:[9,17] 错误: 程序包org.quartz不存在
[ERROR] /home/dsl/work_area/transient/source_codes/mine/assist/assist-core/src/main/java/me/dslztx/assist/util/QuartzScheduleAssist.java:[10,17] 错误: 程序包org.quartz不存在
[ERROR] /home/dsl/work_area/transient/source_codes/mine/assist/assist-core/src/main/java/me/dslztx/assist/util/QuartzScheduleAssist.java:[11,22] 错误: 程序包org.quartz.impl不存在
[ERROR] /home/dsl/work_area/transient/source_codes/mine/assist/assist-core/src/main/java/me/dslztx/assist/util/QuartzScheduleAssist.java:[22,17] 错误: 找不到符号
[ERROR]  类 QuartzScheduleAssist
/home/dsl/work_area/transient/source_codes/mine/assist/assist-core/src/main/java/me/dslztx/assist/util/QuartzScheduleAssist.java:[61,63] 错误: 找不到符号
[ERROR]  类 QuartzScheduleAssist
/home/dsl/work_area/transient/source_codes/mine/assist/assist-core/src/main/java/me/dslztx/assist/util/FileFormatAssist.java:[7,31] 错误: 程序包org.apache.commons.lang3不存在
[ERROR] /home/dsl/work_area/transient/source_codes/mine/assist/assist-core/src/main/java/me/dslztx/assist/util/FileFormatAssist.java:[11,28] 错误: 程序包me.dslztx.assist.bean不存在
[ERROR] /home/dsl/work_area/transient/source_codes/mine/assist/assist-core/src/main/java/me/dslztx/assist/util/FileFormatAssist.java:[32,18] 错误: 找不到符号
[ERROR]  类 FileFormatAssist
/home/dsl/work_area/transient/source_codes/mine/assist/assist-core/src/main/java/me/dslztx/assist/util/CountAndAverageStatAssist.java:[4,28] 错误: 程序包me.dslztx.assist.bean不存在
[ERROR] /home/dsl/work_area/transient/source_codes/mine/assist/assist-core/src/main/java/me/dslztx/assist/util/CountAndAverageStatAssist.java:[11,43] 错误: 找不到符号
[ERROR]  类 CountAndAverageStatAssist
/home/dsl/work_area/transient/source_codes/mine/assist/assist-core/src/main/java/me/dslztx/assist/util/CountAndAverageStatAssist.java:[76,16] 错误: 找不到符号
[ERROR]  类 CountAndAverageStatAssist
/home/dsl/work_area/transient/source_codes/mine/assist/assist-core/src/main/java/me/dslztx/assist/util/DateTimeAssist.java:[18,28] 错误: 程序包me.dslztx.assist.bean不存在
[ERROR] /home/dsl/work_area/transient/source_codes/mine/assist/assist-core/src/main/java/me/dslztx/assist/util/DateTimeAssist.java:[244,18] 错误: 找不到符号
[ERROR]  类 DateTimeAssist
/home/dsl/work_area/transient/source_codes/mine/assist/assist-core/src/main/java/me/dslztx/assist/util/SevenZCompressAssist.java:[7,51] 错误: 程序包org.apache.commons.compress.archivers.sevenz不存在
[ERROR] /home/dsl/work_area/transient/source_codes/mine/assist/assist-core/src/main/java/me/dslztx/assist/util/SevenZCompressAssist.java:[8,51] 错误: 程序包org.apache.commons.compress.archivers.sevenz不存在
[ERROR] /home/dsl/work_area/transient/source_codes/mine/assist/assist-core/src/main/java/me/dslztx/assist/util/SevenZCompressAssist.java:[9,51] 错误: 程序包org.apache.commons.compress.archivers.sevenz不存在
[ERROR] /home/dsl/work_area/transient/source_codes/mine/assist/assist-core/src/main/java/me/dslztx/assist/util/SevenZCompressAssist.java:[98,60] 错误: 找不到符号
[ERROR]  类 SevenZCompressAssist
/home/dsl/work_area/transient/source_codes/mine/assist/assist-core/src/main/java/me/dslztx/assist/util/SevenZCompressAssist.java:[117,6] 错误: 找不到符号
[ERROR]  类 SevenZCompressAssist
/home/dsl/work_area/transient/source_codes/mine/assist/assist-core/src/main/java/me/dslztx/assist/util/CharCodingAssist.java:[9,28] 错误: 程序包org.apache.commons.io不存在
[ERROR] /home/dsl/work_area/transient/source_codes/mine/assist/assist-core/src/main/java/me/dslztx/assist/util/FileAssist.java:[39,12] 错误: 找不到符号
[ERROR]  类 FileAssist
/home/dsl/work_area/transient/source_codes/mine/assist/assist-core/src/main/java/me/dslztx/assist/util/FileAssist.java:[62,12] 错误: 找不到符号
[ERROR]  类 FileAssist
/home/dsl/work_area/transient/source_codes/mine/assist/assist-core/src/main/java/me/dslztx/assist/util/FileAssist.java:[80,12] 错误: 找不到符号
[ERROR]  类 FileAssist
/home/dsl/work_area/transient/source_codes/mine/assist/assist-core/src/main/java/me/dslztx/assist/util/ConfigAssist.java:[23,6] 错误: 找不到符号
[ERROR]  类 ConfigAssist
/home/dsl/work_area/transient/source_codes/mine/assist/assist-core/src/main/java/me/dslztx/assist/util/ConfigAssist.java:[23,35] 错误: 找不到符号
[ERROR]  类 ConfigAssist
/home/dsl/work_area/transient/source_codes/mine/assist/assist-core/src/main/java/me/dslztx/assist/util/QuartzScheduleAssist.java:[43,6] 错误: 找不到符号
[ERROR]  类 QuartzScheduleAssist
/home/dsl/work_area/transient/source_codes/mine/assist/assist-core/src/main/java/me/dslztx/assist/util/QuartzScheduleAssist.java:[43,46] 错误: 找不到符号
[ERROR]  类 QuartzScheduleAssist
/home/dsl/work_area/transient/source_codes/mine/assist/assist-core/src/main/java/me/dslztx/assist/util/QuartzScheduleAssist.java:[43,28] 错误: 找不到符号
[ERROR]  类 QuartzScheduleAssist
/home/dsl/work_area/transient/source_codes/mine/assist/assist-core/src/main/java/me/dslztx/assist/util/QuartzScheduleAssist.java:[46,6] 错误: 找不到符号
[ERROR]  类 QuartzScheduleAssist
/home/dsl/work_area/transient/source_codes/mine/assist/assist-core/src/main/java/me/dslztx/assist/util/QuartzScheduleAssist.java:[47,24] 错误: 找不到符号
[ERROR]  类 QuartzScheduleAssist
/home/dsl/work_area/transient/source_codes/mine/assist/assist-core/src/main/java/me/dslztx/assist/util/QuartzScheduleAssist.java:[46,32] 错误: 找不到符号
[ERROR]  类 QuartzScheduleAssist
/home/dsl/work_area/transient/source_codes/mine/assist/assist-core/src/main/java/me/dslztx/assist/util/QuartzScheduleAssist.java:[67,6] 错误: 找不到符号
[ERROR]  类 QuartzScheduleAssist
/home/dsl/work_area/transient/source_codes/mine/assist/assist-core/src/main/java/me/dslztx/assist/util/QuartzScheduleAssist.java:[67,28] 错误: 找不到符号
[ERROR]  类 QuartzScheduleAssist
/home/dsl/work_area/transient/source_codes/mine/assist/assist-core/src/main/java/me/dslztx/assist/util/QuartzScheduleAssist.java:[69,6] 错误: 找不到符号
[ERROR]  类 QuartzScheduleAssist
/home/dsl/work_area/transient/source_codes/mine/assist/assist-core/src/main/java/me/dslztx/assist/util/QuartzScheduleAssist.java:[70,24] 错误: 找不到符号
[ERROR]  类 QuartzScheduleAssist
/home/dsl/work_area/transient/source_codes/mine/assist/assist-core/src/main/java/me/dslztx/assist/util/QuartzScheduleAssist.java:[69,32] 错误: 找不到符号
[ERROR]  类 QuartzScheduleAssist
/home/dsl/work_area/transient/source_codes/mine/assist/assist-core/src/main/java/me/dslztx/assist/util/QuartzScheduleAssist.java:[85,28] 错误: 找不到符号
[ERROR]  类 QuartzScheduleAssist
/home/dsl/work_area/transient/source_codes/mine/assist/assist-core/src/main/java/me/dslztx/assist/util/FileFormatAssist.java:[28,22] 错误: 找不到符号
[ERROR]  类 FileFormatAssist
/home/dsl/work_area/transient/source_codes/mine/assist/assist-core/src/main/java/me/dslztx/assist/util/FileFormatAssist.java:[38,19] 错误: 找不到符号
[ERROR]  类 FileFormatAssist
/home/dsl/work_area/transient/source_codes/mine/assist/assist-core/src/main/java/me/dslztx/assist/util/FileFormatAssist.java:[40,19] 错误: 找不到符号
[ERROR]  类 FileFormatAssist
/home/dsl/work_area/transient/source_codes/mine/assist/assist-core/src/main/java/me/dslztx/assist/util/CountAndAverageStatAssist.java:[11,102] 错误: 找不到符号
[ERROR]  类 CountAndAverageStatAssist
/home/dsl/work_area/transient/source_codes/mine/assist/assist-core/src/main/java/me/dslztx/assist/util/CountAndAverageStatAssist.java:[14,32] 错误: 找不到符号
[ERROR]  类 CountAndAverageStatAssist
/home/dsl/work_area/transient/source_codes/mine/assist/assist-core/src/main/java/me/dslztx/assist/util/CountAndAverageStatAssist.java:[16,4] 错误: 找不到符号
[ERROR]  类 CountAndAverageStatAssist
/home/dsl/work_area/transient/source_codes/mine/assist/assist-core/src/main/java/me/dslztx/assist/util/CountAndAverageStatAssist.java:[23,32] 错误: 找不到符号
[ERROR]  类 CountAndAverageStatAssist
/home/dsl/work_area/transient/source_codes/mine/assist/assist-core/src/main/java/me/dslztx/assist/util/CountAndAverageStatAssist.java:[25,4] 错误: 找不到符号
[ERROR]  类 CountAndAverageStatAssist
/home/dsl/work_area/transient/source_codes/mine/assist/assist-core/src/main/java/me/dslztx/assist/util/CountAndAverageStatAssist.java:[32,32] 错误: 找不到符号
[ERROR]  类 CountAndAverageStatAssist
/home/dsl/work_area/transient/source_codes/mine/assist/assist-core/src/main/java/me/dslztx/assist/util/CountAndAverageStatAssist.java:[34,4] 错误: 找不到符号
[ERROR]  类 CountAndAverageStatAssist
/home/dsl/work_area/transient/source_codes/mine/assist/assist-core/src/main/java/me/dslztx/assist/util/CountAndAverageStatAssist.java:[41,32] 错误: 找不到符号
[ERROR]  类 CountAndAverageStatAssist
/home/dsl/work_area/transient/source_codes/mine/assist/assist-core/src/main/java/me/dslztx/assist/util/CountAndAverageStatAssist.java:[43,4] 错误: 找不到符号
[ERROR]  类 CountAndAverageStatAssist
/home/dsl/work_area/transient/source_codes/mine/assist/assist-core/src/main/java/me/dslztx/assist/util/CountAndAverageStatAssist.java:[50,32] 错误: 找不到符号
[ERROR]  类 CountAndAverageStatAssist
/home/dsl/work_area/transient/source_codes/mine/assist/assist-core/src/main/java/me/dslztx/assist/util/CountAndAverageStatAssist.java:[52,4] 错误: 找不到符号
[ERROR]  类 CountAndAverageStatAssist
/home/dsl/work_area/transient/source_codes/mine/assist/assist-core/src/main/java/me/dslztx/assist/util/CountAndAverageStatAssist.java:[59,32] 错误: 找不到符号
[ERROR]  类 CountAndAverageStatAssist
/home/dsl/work_area/transient/source_codes/mine/assist/assist-core/src/main/java/me/dslztx/assist/util/CountAndAverageStatAssist.java:[61,4] 错误: 找不到符号
[ERROR]  类 CountAndAverageStatAssist
/home/dsl/work_area/transient/source_codes/mine/assist/assist-core/src/main/java/me/dslztx/assist/util/CountAndAverageStatAssist.java:[68,32] 错误: 找不到符号
[ERROR]  类 CountAndAverageStatAssist
/home/dsl/work_area/transient/source_codes/mine/assist/assist-core/src/main/java/me/dslztx/assist/util/CountAndAverageStatAssist.java:[70,4] 错误: 找不到符号
[ERROR]  类 CountAndAverageStatAssist
/home/dsl/work_area/transient/source_codes/mine/assist/assist-core/src/main/java/me/dslztx/assist/util/CountAndAverageStatAssist.java:[77,4] 错误: 找不到符号
[ERROR]  类 CountAndAverageStatAssist
/home/dsl/work_area/transient/source_codes/mine/assist/assist-core/src/main/java/me/dslztx/assist/util/DateTimeAssist.java:[251,19] 错误: 找不到符号
[ERROR]  类 DateTimeAssist
/home/dsl/work_area/transient/source_codes/mine/assist/assist-core/src/main/java/me/dslztx/assist/util/DateTimeAssist.java:[253,19] 错误: 找不到符号
[ERROR]  类 DateTimeAssist
/home/dsl/work_area/transient/source_codes/mine/assist/assist-core/src/main/java/me/dslztx/assist/util/DateTimeAssist.java:[255,19] 错误: 找不到符号
[ERROR]  类 DateTimeAssist
/home/dsl/work_area/transient/source_codes/mine/assist/assist-core/src/main/java/me/dslztx/assist/util/DateTimeAssist.java:[257,19] 错误: 找不到符号
[ERROR]  类 DateTimeAssist
/home/dsl/work_area/transient/source_codes/mine/assist/assist-core/src/main/java/me/dslztx/assist/util/DateTimeAssist.java:[259,19] 错误: 找不到符号
[ERROR]  类 DateTimeAssist
/home/dsl/work_area/transient/source_codes/mine/assist/assist-core/src/main/java/me/dslztx/assist/util/DateTimeAssist.java:[261,19] 错误: 找不到符号
[ERROR]  类 DateTimeAssist
/home/dsl/work_area/transient/source_codes/mine/assist/assist-core/src/main/java/me/dslztx/assist/util/DateTimeAssist.java:[263,19] 错误: 找不到符号
[ERROR]  类 DateTimeAssist
/home/dsl/work_area/transient/source_codes/mine/assist/assist-core/src/main/java/me/dslztx/assist/util/DateTimeAssist.java:[277,12] 错误: 找不到符号
[ERROR]  类 DateTimeAssist
/home/dsl/work_area/transient/source_codes/mine/assist/assist-core/src/main/java/me/dslztx/assist/util/DateTimeAssist.java:[278,32] 错误: 找不到符号
[ERROR]  类 DateTimeAssist
/home/dsl/work_area/transient/source_codes/mine/assist/assist-core/src/main/java/me/dslztx/assist/util/DateTimeAssist.java:[278,67] 错误: 找不到符号
[ERROR]  类 DateTimeAssist
/home/dsl/work_area/transient/source_codes/mine/assist/assist-core/src/main/java/me/dslztx/assist/util/SevenZCompressAssist.java:[21,4] 错误: 找不到符号
[ERROR]  类 SevenZCompressAssist
/home/dsl/work_area/transient/source_codes/mine/assist/assist-core/src/main/java/me/dslztx/assist/util/SevenZCompressAssist.java:[32,27] 错误: 找不到符号
[ERROR]  类 SevenZCompressAssist
/home/dsl/work_area/transient/source_codes/mine/assist/assist-core/src/main/java/me/dslztx/assist/util/SevenZCompressAssist.java:[36,27] 错误: 找不到符号
[ERROR]  类 SevenZCompressAssist
/home/dsl/work_area/transient/source_codes/mine/assist/assist-core/src/main/java/me/dslztx/assist/util/SevenZCompressAssist.java:[59,4] 错误: 找不到符号
[ERROR]  类 SevenZCompressAssist
/home/dsl/work_area/transient/source_codes/mine/assist/assist-core/src/main/java/me/dslztx/assist/util/SevenZCompressAssist.java:[61,23] 错误: 找不到符号
[ERROR]  类 SevenZCompressAssist
/home/dsl/work_area/transient/source_codes/mine/assist/assist-core/src/main/java/me/dslztx/assist/util/SevenZCompressAssist.java:[63,6] 错误: 找不到符号
[ERROR]  类 SevenZCompressAssist
/home/dsl/work_area/transient/source_codes/mine/assist/assist-core/src/main/java/me/dslztx/assist/util/SevenZCompressAssist.java:[100,4] 错误: 找不到符号
[ERROR]  类 SevenZCompressAssist
/home/dsl/work_area/transient/source_codes/mine/assist/assist-core/src/main/java/me/dslztx/assist/util/CharCodingAssist.java:[55,24] 错误: 找不到符号
[INFO] 83 errors 
[INFO] -------------------------------------------------------------
[INFO] ------------------------------------------------------------------------
[INFO] BUILD FAILURE
[INFO] ------------------------------------------------------------------------
[INFO] Total time: 2.536 s
[INFO] Finished at: 2018-10-19T15:10:16+08:00
[INFO] Final Memory: 12M/75M
[INFO] ------------------------------------------------------------------------
[ERROR] Failed to execute goal org.apache.maven.plugins:maven-compiler-plugin:2.3.2:compile (default-compile) on project assist-core: Compilation failure: Compilation failure:
[ERROR] /home/dsl/work_area/transient/source_codes/mine/assist/assist-core/src/main/java/me/dslztx/assist/util/FileAssist.java:[13,28] 错误: 程序包org.apache.commons.io不存在
[ERROR] /home/dsl/work_area/transient/source_codes/mine/assist/assist-core/src/main/java/me/dslztx/assist/util/ConfigAssist.java:[4,40] 错误: 程序包org.apache.commons.configuration2不存在
[ERROR] /home/dsl/work_area/transient/source_codes/mine/assist/assist-core/src/main/java/me/dslztx/assist/util/ConfigAssist.java:[5,55] 错误: 程序包org.apache.commons.configuration2.builder.fluent不存在
[ERROR] /home/dsl/work_area/transient/source_codes/mine/assist/assist-core/src/main/java/me/dslztx/assist/util/ConfigAssist.java:[13,16] 错误: 找不到符号
[ERROR] 类 ConfigAssist
[ERROR] /home/dsl/work_area/transient/source_codes/mine/assist/assist-core/src/main/java/me/dslztx/assist/util/QuartzScheduleAssist.java:[3,28] 错误: 程序包me.dslztx.assist.bean不存在
[ERROR] /home/dsl/work_area/transient/source_codes/mine/assist/assist-core/src/main/java/me/dslztx/assist/util/QuartzScheduleAssist.java:[4,17] 错误: 程序包org.quartz不存在
[ERROR] /home/dsl/work_area/transient/source_codes/mine/assist/assist-core/src/main/java/me/dslztx/assist/util/QuartzScheduleAssist.java:[5,17] 错误: 程序包org.quartz不存在
[ERROR] /home/dsl/work_area/transient/source_codes/mine/assist/assist-core/src/main/java/me/dslztx/assist/util/QuartzScheduleAssist.java:[6,17] 错误: 程序包org.quartz不存在
[ERROR] /home/dsl/work_area/transient/source_codes/mine/assist/assist-core/src/main/java/me/dslztx/assist/util/QuartzScheduleAssist.java:[7,17] 错误: 程序包org.quartz不存在
[ERROR] /home/dsl/work_area/transient/source_codes/mine/assist/assist-core/src/main/java/me/dslztx/assist/util/QuartzScheduleAssist.java:[8,17] 错误: 程序包org.quartz不存在
[ERROR] /home/dsl/work_area/transient/source_codes/mine/assist/assist-core/src/main/java/me/dslztx/assist/util/QuartzScheduleAssist.java:[9,17] 错误: 程序包org.quartz不存在
[ERROR] /home/dsl/work_area/transient/source_codes/mine/assist/assist-core/src/main/java/me/dslztx/assist/util/QuartzScheduleAssist.java:[10,17] 错误: 程序包org.quartz不存在
[ERROR] /home/dsl/work_area/transient/source_codes/mine/assist/assist-core/src/main/java/me/dslztx/assist/util/QuartzScheduleAssist.java:[11,22] 错误: 程序包org.quartz.impl不存在
[ERROR] /home/dsl/work_area/transient/source_codes/mine/assist/assist-core/src/main/java/me/dslztx/assist/util/QuartzScheduleAssist.java:[22,17] 错误: 找不到符号
[ERROR] 类 QuartzScheduleAssist
[ERROR] /home/dsl/work_area/transient/source_codes/mine/assist/assist-core/src/main/java/me/dslztx/assist/util/QuartzScheduleAssist.java:[61,63] 错误: 找不到符号
[ERROR] 类 QuartzScheduleAssist
[ERROR] /home/dsl/work_area/transient/source_codes/mine/assist/assist-core/src/main/java/me/dslztx/assist/util/FileFormatAssist.java:[7,31] 错误: 程序包org.apache.commons.lang3不存在
[ERROR] /home/dsl/work_area/transient/source_codes/mine/assist/assist-core/src/main/java/me/dslztx/assist/util/FileFormatAssist.java:[11,28] 错误: 程序包me.dslztx.assist.bean不存在
[ERROR] /home/dsl/work_area/transient/source_codes/mine/assist/assist-core/src/main/java/me/dslztx/assist/util/FileFormatAssist.java:[32,18] 错误: 找不到符号
[ERROR] 类 FileFormatAssist
[ERROR] /home/dsl/work_area/transient/source_codes/mine/assist/assist-core/src/main/java/me/dslztx/assist/util/CountAndAverageStatAssist.java:[4,28] 错误: 程序包me.dslztx.assist.bean不存在
[ERROR] /home/dsl/work_area/transient/source_codes/mine/assist/assist-core/src/main/java/me/dslztx/assist/util/CountAndAverageStatAssist.java:[11,43] 错误: 找不到符号
[ERROR] 类 CountAndAverageStatAssist
[ERROR] /home/dsl/work_area/transient/source_codes/mine/assist/assist-core/src/main/java/me/dslztx/assist/util/CountAndAverageStatAssist.java:[76,16] 错误: 找不到符号
[ERROR] 类 CountAndAverageStatAssist
[ERROR] /home/dsl/work_area/transient/source_codes/mine/assist/assist-core/src/main/java/me/dslztx/assist/util/DateTimeAssist.java:[18,28] 错误: 程序包me.dslztx.assist.bean不存在
[ERROR] /home/dsl/work_area/transient/source_codes/mine/assist/assist-core/src/main/java/me/dslztx/assist/util/DateTimeAssist.java:[244,18] 错误: 找不到符号
[ERROR] 类 DateTimeAssist
[ERROR] /home/dsl/work_area/transient/source_codes/mine/assist/assist-core/src/main/java/me/dslztx/assist/util/SevenZCompressAssist.java:[7,51] 错误: 程序包org.apache.commons.compress.archivers.sevenz不存在
[ERROR] /home/dsl/work_area/transient/source_codes/mine/assist/assist-core/src/main/java/me/dslztx/assist/util/SevenZCompressAssist.java:[8,51] 错误: 程序包org.apache.commons.compress.archivers.sevenz不存在
[ERROR] /home/dsl/work_area/transient/source_codes/mine/assist/assist-core/src/main/java/me/dslztx/assist/util/SevenZCompressAssist.java:[9,51] 错误: 程序包org.apache.commons.compress.archivers.sevenz不存在
[ERROR] /home/dsl/work_area/transient/source_codes/mine/assist/assist-core/src/main/java/me/dslztx/assist/util/SevenZCompressAssist.java:[98,60] 错误: 找不到符号
[ERROR] 类 SevenZCompressAssist
[ERROR] /home/dsl/work_area/transient/source_codes/mine/assist/assist-core/src/main/java/me/dslztx/assist/util/SevenZCompressAssist.java:[117,6] 错误: 找不到符号
[ERROR] 类 SevenZCompressAssist
[ERROR] /home/dsl/work_area/transient/source_codes/mine/assist/assist-core/src/main/java/me/dslztx/assist/util/CharCodingAssist.java:[9,28] 错误: 程序包org.apache.commons.io不存在
[ERROR] /home/dsl/work_area/transient/source_codes/mine/assist/assist-core/src/main/java/me/dslztx/assist/util/FileAssist.java:[39,12] 错误: 找不到符号
[ERROR] 类 FileAssist
[ERROR] /home/dsl/work_area/transient/source_codes/mine/assist/assist-core/src/main/java/me/dslztx/assist/util/FileAssist.java:[62,12] 错误: 找不到符号
[ERROR] 类 FileAssist
[ERROR] /home/dsl/work_area/transient/source_codes/mine/assist/assist-core/src/main/java/me/dslztx/assist/util/FileAssist.java:[80,12] 错误: 找不到符号
[ERROR] 类 FileAssist
[ERROR] /home/dsl/work_area/transient/source_codes/mine/assist/assist-core/src/main/java/me/dslztx/assist/util/ConfigAssist.java:[23,6] 错误: 找不到符号
[ERROR] 类 ConfigAssist
[ERROR] /home/dsl/work_area/transient/source_codes/mine/assist/assist-core/src/main/java/me/dslztx/assist/util/ConfigAssist.java:[23,35] 错误: 找不到符号
[ERROR] 类 ConfigAssist
[ERROR] /home/dsl/work_area/transient/source_codes/mine/assist/assist-core/src/main/java/me/dslztx/assist/util/QuartzScheduleAssist.java:[43,6] 错误: 找不到符号
[ERROR] 类 QuartzScheduleAssist
[ERROR] /home/dsl/work_area/transient/source_codes/mine/assist/assist-core/src/main/java/me/dslztx/assist/util/QuartzScheduleAssist.java:[43,46] 错误: 找不到符号
[ERROR] 类 QuartzScheduleAssist
[ERROR] /home/dsl/work_area/transient/source_codes/mine/assist/assist-core/src/main/java/me/dslztx/assist/util/QuartzScheduleAssist.java:[43,28] 错误: 找不到符号
[ERROR] 类 QuartzScheduleAssist
[ERROR] /home/dsl/work_area/transient/source_codes/mine/assist/assist-core/src/main/java/me/dslztx/assist/util/QuartzScheduleAssist.java:[46,6] 错误: 找不到符号
[ERROR] 类 QuartzScheduleAssist
[ERROR] /home/dsl/work_area/transient/source_codes/mine/assist/assist-core/src/main/java/me/dslztx/assist/util/QuartzScheduleAssist.java:[47,24] 错误: 找不到符号
[ERROR] 类 QuartzScheduleAssist
[ERROR] /home/dsl/work_area/transient/source_codes/mine/assist/assist-core/src/main/java/me/dslztx/assist/util/QuartzScheduleAssist.java:[46,32] 错误: 找不到符号
[ERROR] 类 QuartzScheduleAssist
[ERROR] /home/dsl/work_area/transient/source_codes/mine/assist/assist-core/src/main/java/me/dslztx/assist/util/QuartzScheduleAssist.java:[67,6] 错误: 找不到符号
[ERROR] 类 QuartzScheduleAssist
[ERROR] /home/dsl/work_area/transient/source_codes/mine/assist/assist-core/src/main/java/me/dslztx/assist/util/QuartzScheduleAssist.java:[67,28] 错误: 找不到符号
[ERROR] 类 QuartzScheduleAssist
[ERROR] /home/dsl/work_area/transient/source_codes/mine/assist/assist-core/src/main/java/me/dslztx/assist/util/QuartzScheduleAssist.java:[69,6] 错误: 找不到符号
[ERROR] 类 QuartzScheduleAssist
[ERROR] /home/dsl/work_area/transient/source_codes/mine/assist/assist-core/src/main/java/me/dslztx/assist/util/QuartzScheduleAssist.java:[70,24] 错误: 找不到符号
[ERROR] 类 QuartzScheduleAssist
[ERROR] /home/dsl/work_area/transient/source_codes/mine/assist/assist-core/src/main/java/me/dslztx/assist/util/QuartzScheduleAssist.java:[69,32] 错误: 找不到符号
[ERROR] 类 QuartzScheduleAssist
[ERROR] /home/dsl/work_area/transient/source_codes/mine/assist/assist-core/src/main/java/me/dslztx/assist/util/QuartzScheduleAssist.java:[85,28] 错误: 找不到符号
[ERROR] 类 QuartzScheduleAssist
[ERROR] /home/dsl/work_area/transient/source_codes/mine/assist/assist-core/src/main/java/me/dslztx/assist/util/FileFormatAssist.java:[28,22] 错误: 找不到符号
[ERROR] 类 FileFormatAssist
[ERROR] /home/dsl/work_area/transient/source_codes/mine/assist/assist-core/src/main/java/me/dslztx/assist/util/FileFormatAssist.java:[38,19] 错误: 找不到符号
[ERROR] 类 FileFormatAssist
[ERROR] /home/dsl/work_area/transient/source_codes/mine/assist/assist-core/src/main/java/me/dslztx/assist/util/FileFormatAssist.java:[40,19] 错误: 找不到符号
[ERROR] 类 FileFormatAssist
[ERROR] /home/dsl/work_area/transient/source_codes/mine/assist/assist-core/src/main/java/me/dslztx/assist/util/CountAndAverageStatAssist.java:[11,102] 错误: 找不到符号
[ERROR] 类 CountAndAverageStatAssist
[ERROR] /home/dsl/work_area/transient/source_codes/mine/assist/assist-core/src/main/java/me/dslztx/assist/util/CountAndAverageStatAssist.java:[14,32] 错误: 找不到符号
[ERROR] 类 CountAndAverageStatAssist
[ERROR] /home/dsl/work_area/transient/source_codes/mine/assist/assist-core/src/main/java/me/dslztx/assist/util/CountAndAverageStatAssist.java:[16,4] 错误: 找不到符号
[ERROR] 类 CountAndAverageStatAssist
[ERROR] /home/dsl/work_area/transient/source_codes/mine/assist/assist-core/src/main/java/me/dslztx/assist/util/CountAndAverageStatAssist.java:[23,32] 错误: 找不到符号
[ERROR] 类 CountAndAverageStatAssist
[ERROR] /home/dsl/work_area/transient/source_codes/mine/assist/assist-core/src/main/java/me/dslztx/assist/util/CountAndAverageStatAssist.java:[25,4] 错误: 找不到符号
[ERROR] 类 CountAndAverageStatAssist
[ERROR] /home/dsl/work_area/transient/source_codes/mine/assist/assist-core/src/main/java/me/dslztx/assist/util/CountAndAverageStatAssist.java:[32,32] 错误: 找不到符号
[ERROR] 类 CountAndAverageStatAssist
[ERROR] /home/dsl/work_area/transient/source_codes/mine/assist/assist-core/src/main/java/me/dslztx/assist/util/CountAndAverageStatAssist.java:[34,4] 错误: 找不到符号
[ERROR] 类 CountAndAverageStatAssist
[ERROR] /home/dsl/work_area/transient/source_codes/mine/assist/assist-core/src/main/java/me/dslztx/assist/util/CountAndAverageStatAssist.java:[41,32] 错误: 找不到符号
[ERROR] 类 CountAndAverageStatAssist
[ERROR] /home/dsl/work_area/transient/source_codes/mine/assist/assist-core/src/main/java/me/dslztx/assist/util/CountAndAverageStatAssist.java:[43,4] 错误: 找不到符号
[ERROR] 类 CountAndAverageStatAssist
[ERROR] /home/dsl/work_area/transient/source_codes/mine/assist/assist-core/src/main/java/me/dslztx/assist/util/CountAndAverageStatAssist.java:[50,32] 错误: 找不到符号
[ERROR] 类 CountAndAverageStatAssist
[ERROR] /home/dsl/work_area/transient/source_codes/mine/assist/assist-core/src/main/java/me/dslztx/assist/util/CountAndAverageStatAssist.java:[52,4] 错误: 找不到符号
[ERROR] 类 CountAndAverageStatAssist
[ERROR] /home/dsl/work_area/transient/source_codes/mine/assist/assist-core/src/main/java/me/dslztx/assist/util/CountAndAverageStatAssist.java:[59,32] 错误: 找不到符号
[ERROR] 类 CountAndAverageStatAssist
[ERROR] /home/dsl/work_area/transient/source_codes/mine/assist/assist-core/src/main/java/me/dslztx/assist/util/CountAndAverageStatAssist.java:[61,4] 错误: 找不到符号
[ERROR] 类 CountAndAverageStatAssist
[ERROR] /home/dsl/work_area/transient/source_codes/mine/assist/assist-core/src/main/java/me/dslztx/assist/util/CountAndAverageStatAssist.java:[68,32] 错误: 找不到符号
[ERROR] 类 CountAndAverageStatAssist
[ERROR] /home/dsl/work_area/transient/source_codes/mine/assist/assist-core/src/main/java/me/dslztx/assist/util/CountAndAverageStatAssist.java:[70,4] 错误: 找不到符号
[ERROR] 类 CountAndAverageStatAssist
[ERROR] /home/dsl/work_area/transient/source_codes/mine/assist/assist-core/src/main/java/me/dslztx/assist/util/CountAndAverageStatAssist.java:[77,4] 错误: 找不到符号
[ERROR] 类 CountAndAverageStatAssist
[ERROR] /home/dsl/work_area/transient/source_codes/mine/assist/assist-core/src/main/java/me/dslztx/assist/util/DateTimeAssist.java:[251,19] 错误: 找不到符号
[ERROR] 类 DateTimeAssist
[ERROR] /home/dsl/work_area/transient/source_codes/mine/assist/assist-core/src/main/java/me/dslztx/assist/util/DateTimeAssist.java:[253,19] 错误: 找不到符号
[ERROR] 类 DateTimeAssist
[ERROR] /home/dsl/work_area/transient/source_codes/mine/assist/assist-core/src/main/java/me/dslztx/assist/util/DateTimeAssist.java:[255,19] 错误: 找不到符号
[ERROR] 类 DateTimeAssist
[ERROR] /home/dsl/work_area/transient/source_codes/mine/assist/assist-core/src/main/java/me/dslztx/assist/util/DateTimeAssist.java:[257,19] 错误: 找不到符号
[ERROR] 类 DateTimeAssist
[ERROR] /home/dsl/work_area/transient/source_codes/mine/assist/assist-core/src/main/java/me/dslztx/assist/util/DateTimeAssist.java:[259,19] 错误: 找不到符号
[ERROR] 类 DateTimeAssist
[ERROR] /home/dsl/work_area/transient/source_codes/mine/assist/assist-core/src/main/java/me/dslztx/assist/util/DateTimeAssist.java:[261,19] 错误: 找不到符号
[ERROR] 类 DateTimeAssist
[ERROR] /home/dsl/work_area/transient/source_codes/mine/assist/assist-core/src/main/java/me/dslztx/assist/util/DateTimeAssist.java:[263,19] 错误: 找不到符号
[ERROR] 类 DateTimeAssist
[ERROR] /home/dsl/work_area/transient/source_codes/mine/assist/assist-core/src/main/java/me/dslztx/assist/util/DateTimeAssist.java:[277,12] 错误: 找不到符号
[ERROR] 类 DateTimeAssist
[ERROR] /home/dsl/work_area/transient/source_codes/mine/assist/assist-core/src/main/java/me/dslztx/assist/util/DateTimeAssist.java:[278,32] 错误: 找不到符号
[ERROR] 类 DateTimeAssist
[ERROR] /home/dsl/work_area/transient/source_codes/mine/assist/assist-core/src/main/java/me/dslztx/assist/util/DateTimeAssist.java:[278,67] 错误: 找不到符号
[ERROR] 类 DateTimeAssist
[ERROR] /home/dsl/work_area/transient/source_codes/mine/assist/assist-core/src/main/java/me/dslztx/assist/util/SevenZCompressAssist.java:[21,4] 错误: 找不到符号
[ERROR] 类 SevenZCompressAssist
[ERROR] /home/dsl/work_area/transient/source_codes/mine/assist/assist-core/src/main/java/me/dslztx/assist/util/SevenZCompressAssist.java:[32,27] 错误: 找不到符号
[ERROR] 类 SevenZCompressAssist
[ERROR] /home/dsl/work_area/transient/source_codes/mine/assist/assist-core/src/main/java/me/dslztx/assist/util/SevenZCompressAssist.java:[36,27] 错误: 找不到符号
[ERROR] 类 SevenZCompressAssist
[ERROR] /home/dsl/work_area/transient/source_codes/mine/assist/assist-core/src/main/java/me/dslztx/assist/util/SevenZCompressAssist.java:[59,4] 错误: 找不到符号
[ERROR] 类 SevenZCompressAssist
[ERROR] /home/dsl/work_area/transient/source_codes/mine/assist/assist-core/src/main/java/me/dslztx/assist/util/SevenZCompressAssist.java:[61,23] 错误: 找不到符号
[ERROR] 类 SevenZCompressAssist
[ERROR] /home/dsl/work_area/transient/source_codes/mine/assist/assist-core/src/main/java/me/dslztx/assist/util/SevenZCompressAssist.java:[63,6] 错误: 找不到符号
[ERROR] 类 SevenZCompressAssist
[ERROR] /home/dsl/work_area/transient/source_codes/mine/assist/assist-core/src/main/java/me/dslztx/assist/util/SevenZCompressAssist.java:[100,4] 错误: 找不到符号
[ERROR] 类 SevenZCompressAssist
[ERROR] /home/dsl/work_area/transient/source_codes/mine/assist/assist-core/src/main/java/me/dslztx/assist/util/CharCodingAssist.java:[55,24] 错误: 找不到符号
[ERROR] -> [Help 1]
[ERROR] 
[ERROR] To see the full stack trace of the errors, re-run Maven with the -e switch.
[ERROR] Re-run Maven using the -X switch to enable full debug logging.
[ERROR] 
[ERROR] For more information about the errors and possible solutions, please read the following articles:
[ERROR] [Help 1] http://cwiki.apache.org/confluence/display/MAVEN/MojoFailureException
